Problems logging in?
Use your lower case HMS ID, like abc123, not ABC123.
If locked out, see:
https://it.hms.harvard.edu/i-want/reset-password-or-unlock-your-hms-account
receiving incremental file list
./
CHUV_test-20221223/
CHUV_test-20221223/LSP10830@20221223_143711_644594/
CHUV_test-20221223/LSP10830@20221223_143711_644594/LSP10830@20221223_143711_644594.rcjob
CHUV_test-20221223/LSP10830@20221223_143711_644594/LSP10830@20221223_143711_644594.rcpnl
CHUV_test-20221223/LSP10845@20221223_143711_593594/
CHUV_test-20221223/LSP10845@20221223_143711_593594/LSP10845@20221223_143711_593594.rcjob
CHUV_test-20221223/LSP10845@20221223_143711_593594/LSP10845@20221223_143711_593594.rcpnl
CHUV_test-20221223/LSP10854@20221223_143711_610594/
CHUV_test-20221223/LSP10854@20221223_143711_610594/LSP10854@20221223_143711_610594.rcjob
CHUV_test-20221223/LSP10854@20221223_143711_610594/LSP10854@20221223_143711_610594.rcpnl
CHUV_test-20221223/LSP10857@20221223_143711_626593/
CHUV_test-20221223/LSP10857@20221223_143711_626593/LSP10857@20221223_143711_626593.rcjob
CHUV_test-20221223/LSP10857@20221223_143711_626593/LSP10857@20221223_143711_626593.rcpnl
CHUV_test1-20221215-background/
CHUV_test1-20221215-background/LSP10830@20221215_162456_919264/
CHUV_test1-20221215-background/LSP10830@20221215_162456_919264/LSP10830@20221215_162456_919264.rcjob
CHUV_test1-20221215-background/LSP10830@20221215_162456_919264/LSP10830@20221215_162456_919264.rcpnl
CHUV_test1-20221215-background/LSP10845@20221215_142258_245849/
CHUV_test1-20221215-background/LSP10845@20221215_142258_245849/LSP10845@20221215_142258_245849.rcjob
CHUV_test1-20221215-background/LSP10845@20221215_142258_245849/LSP10845@20221215_142258_245849.rcpnl
CHUV_test1-20221215-background/LSP10854@20221215_142525_521936/
CHUV_test1-20221215-background/LSP10854@20221215_142525_521936/LSP10854@20221215_142525_521936.rcjob
CHUV_test1-20221215-background/LSP10854@20221215_142525_521936/LSP10854@20221215_142525_521936.rcpnl
CHUV_test1-20221215-background/LSP10857@20221215_162533_660559/
CHUV_test1-20221215-background/LSP10857@20221215_162533_660559/LSP10857@20221215_162533_660559.rcjob
CHUV_test1-20221215-background/LSP10857@20221215_162533_660559/LSP10857@20221215_162533_660559.rcpnl
CHUV_test1-20221216/
CHUV_test1-20221216/LSP10830@20221216_161352_078722/
CHUV_test1-20221216/LSP10830@20221216_161352_078722/LSP10830@20221216_161352_078722.rcjob
CHUV_test1-20221216/LSP10830@20221216_161352_078722/LSP10830@20221216_161352_078722.rcpnl
CHUV_test1-20221216/LSP10845@20221216_161352_101223/
CHUV_test1-20221216/LSP10845@20221216_161352_101223/LSP10845@20221216_161352_101223.rcjob
CHUV_test1-20221216/LSP10845@20221216_161352_101223/LSP10845@20221216_161352_101223.rcpnl
CHUV_test1-20221216/LSP10854@20221216_161352_060222/
CHUV_test1-20221216/LSP10854@20221216_161352_060222/LSP10854@20221216_161352_060222.rcjob
CHUV_test1-20221216/LSP10854@20221216_161352_060222/LSP10854@20221216_161352_060222.rcpnl
CHUV_test1-20221216/LSP10857@20221216_161352_044224/
CHUV_test1-20221216/LSP10857@20221216_161352_044224/LSP10857@20221216_161352_044224.rcjob
CHUV_test1-20221216/LSP10857@20221216_161352_044224/LSP10857@20221216_161352_044224.rcpnl
CHUV_test1-20221220/
CHUV_test1-20221220/LSP10830@20221220_142120_266232/
CHUV_test1-20221220/LSP10830@20221220_142120_266232/LSP10830@20221220_142120_266232.rcjob
CHUV_test1-20221220/LSP10830@20221220_142120_266232/LSP10830@20221220_142120_266232.rcpnl
CHUV_test1-20221220/LSP10845@20221220_142120_215231/
CHUV_test1-20221220/LSP10845@20221220_142120_215231/LSP10845@20221220_142120_215231.rcjob
CHUV_test1-20221220/LSP10845@20221220_142120_215231/LSP10845@20221220_142120_215231.rcpnl
CHUV_test1-20221220/LSP10854@20221220_142120_231231/
CHUV_test1-20221220/LSP10854@20221220_142120_231231/LSP10854@20221220_142120_231231.rcjob
CHUV_test1-20221220/LSP10854@20221220_142120_231231/LSP10854@20221220_142120_231231.rcpnl
CHUV_test1-20221220/LSP10857@20221220_142120_247232/
CHUV_test1-20221220/LSP10857@20221220_142120_247232/LSP10857@20221220_142120_247232.rcjob
CHUV_test1-20221220/LSP10857@20221220_142120_247232/LSP10857@20221220_142120_247232.rcpnl
CHUV_test1-20221221/
CHUV_test1-20221221/LSP10830@20221221_142729_369196/
CHUV_test1-20221221/LSP10830@20221221_142729_369196/LSP10830@20221221_142729_369196.rcjob
CHUV_test1-20221221/LSP10830@20221221_142729_369196/LSP10830@20221221_142729_369196.rcpnl
CHUV_test1-20221221/LSP10845@20221221_142729_268695/
CHUV_test1-20221221/LSP10845@20221221_142729_268695/LSP10845@20221221_142729_268695.rcjob
CHUV_test1-20221221/LSP10845@20221221_142729_268695/LSP10845@20221221_142729_268695.rcpnl
CHUV_test1-20221221/LSP10854@20221221_142729_333195/
CHUV_test1-20221221/LSP10854@20221221_142729_333195/LSP10854@20221221_142729_333195.rcjob
CHUV_test1-20221221/LSP10854@20221221_142729_333195/LSP10854@20221221_142729_333195.rcpnl
CHUV_test1-20221221/LSP10857@20221221_142729_349195/
CHUV_test1-20221221/LSP10857@20221221_142729_349195/LSP10857@20221221_142729_349195.rcjob
CHUV_test1-20221221/LSP10857@20221221_142729_349195/LSP10857@20221221_142729_349195.rcpnl
CHUV_test1-20221222/
CHUV_test1-20221222/LSP10830@20221222_141536_569738/
CHUV_test1-20221222/LSP10830@20221222_141536_569738/LSP10830@20221222_141536_569738.rcjob
CHUV_test1-20221222/LSP10830@20221222_141536_569738/LSP10830@20221222_141536_569738.rcpnl
CHUV_test1-20221222/LSP10845@20221222_141536_606237/
CHUV_test1-20221222/LSP10845@20221222_141536_606237/LSP10845@20221222_141536_606237.rcjob
CHUV_test1-20221222/LSP10845@20221222_141536_606237/LSP10845@20221222_141536_606237.rcpnl
CHUV_test1-20221222/LSP10854@20221222_141536_552737/
CHUV_test1-20221222/LSP10854@20221222_141536_552737/LSP10854@20221222_141536_552737.rcjob
CHUV_test1-20221222/LSP10854@20221222_141536_552737/LSP10854@20221222_141536_552737.rcpnl
CHUV_test1-20221222/LSP10857@20221222_141536_588737/
CHUV_test1-20221222/LSP10857@20221222_141536_588737/LSP10857@20221222_141536_588737.rcjob
CHUV_test1-20221222/LSP10857@20221222_141536_588737/LSP10857@20221222_141536_588737.rcpnl
CHUV_test1-20230104/
CHUV_test1-20230104/LSP10830@20230104_141334_352148/
CHUV_test1-20230104/LSP10830@20230104_141334_352148/LSP10830@20230104_141334_352148.rcjob
CHUV_test1-20230104/LSP10830@20230104_141334_352148/LSP10830@20230104_141334_352148.rcpnl
CHUV_test1-20230104/LSP10845@20230104_141334_405148/
CHUV_test1-20230104/LSP10845@20230104_141334_405148/LSP10845@20230104_141334_405148.rcjob
CHUV_test1-20230104/LSP10845@20230104_141334_405148/LSP10845@20230104_141334_405148.rcpnl
CHUV_test1-20230104/LSP10854@20230104_141334_385149/
CHUV_test1-20230104/LSP10854@20230104_141334_385149/LSP10854@20230104_141334_385149.rcjob
CHUV_test1-20230104/LSP10854@20230104_141334_385149/LSP10854@20230104_141334_385149.rcpnl
CHUV_test1-20230104/LSP10857@20230104_141334_369149/
CHUV_test1-20230104/LSP10857@20230104_141334_369149/LSP10857@20230104_141334_369149.rcjob
CHUV_test1-20230104/LSP10857@20230104_141334_369149/LSP10857@20230104_141334_369149.rcpnl
CHUV_test1-20230105/
CHUV_test1-20230105/LSP10830@20230105_141430_208090/
CHUV_test1-20230105/LSP10830@20230105_141430_208090/LSP10830@20230105_141430_208090.rcjob
CHUV_test1-20230105/LSP10830@20230105_141430_208090/LSP10830@20230105_141430_208090.rcpnl
CHUV_test1-20230105/LSP10845@20230105_141430_155589/
CHUV_test1-20230105/LSP10845@20230105_141430_155589/LSP10845@20230105_141430_155589.rcjob
CHUV_test1-20230105/LSP10845@20230105_141430_155589/LSP10845@20230105_141430_155589.rcpnl
CHUV_test1-20230105/LSP10854@20230105_141430_188591/
CHUV_test1-20230105/LSP10854@20230105_141430_188591/LSP10854@20230105_141430_188591.rcjob
CHUV_test1-20230105/LSP10854@20230105_141430_188591/LSP10854@20230105_141430_188591.rcpnl
CHUV_test1-20230105/LSP10857@20230105_141430_172590/
CHUV_test1-20230105/LSP10857@20230105_141430_172590/LSP10857@20230105_141430_172590.rcjob
CHUV_test1-20230105/LSP10857@20230105_141430_172590/LSP10857@20230105_141430_172590.rcpnl
CHUV_test1-20230106/
CHUV_test1-20230106/LSP10830@20230106_140914_781342/
CHUV_test1-20230106/LSP10830@20230106_140914_781342/LSP10830@20230106_140914_781342.rcjob
CHUV_test1-20230106/LSP10830@20230106_140914_781342/LSP10830@20230106_140914_781342.rcpnl
CHUV_test1-20230106/LSP10845@20230106_140914_862343/
CHUV_test1-20230106/LSP10845@20230106_140914_862343/LSP10845@20230106_140914_862343.rcjob
CHUV_test1-20230106/LSP10845@20230106_140914_862343/LSP10845@20230106_140914_862343.rcpnl
CHUV_test1-20230106/LSP10854@20230106_140914_798842/
CHUV_test1-20230106/LSP10854@20230106_140914_798842/LSP10854@20230106_140914_798842.rcjob
CHUV_test1-20230106/LSP10854@20230106_140914_798842/LSP10854@20230106_140914_798842.rcpnl
CHUV_test1-20230106/LSP10857@20230106_140914_882342/
CHUV_test1-20230106/LSP10857@20230106_140914_882342/LSP10857@20230106_140914_882342.rcjob
CHUV_test1-20230106/LSP10857@20230106_140914_882342/LSP10857@20230106_140914_882342.rcpnl
CHUV_test1-20230108/
CHUV_test1-20230108/LSP10830@20230108_193626_801091/
CHUV_test1-20230108/LSP10830@20230108_193626_801091/LSP10830@20230108_193626_801091.rcjob
CHUV_test1-20230108/LSP10830@20230108_193626_801091/LSP10830@20230108_193626_801091.rcpnl
CHUV_test1-20230108/LSP10845@20230108_193626_764588/
CHUV_test1-20230108/LSP10845@20230108_193626_764588/LSP10845@20230108_193626_764588.rcjob
CHUV_test1-20230108/LSP10845@20230108_193626_764588/LSP10845@20230108_193626_764588.rcpnl
CHUV_test1-20230108/LSP10854@20230108_193626_748590/
CHUV_test1-20230108/LSP10854@20230108_193626_748590/LSP10854@20230108_193626_748590.rcjob
CHUV_test1-20230108/LSP10854@20230108_193626_748590/LSP10854@20230108_193626_748590.rcpnl
CHUV_test1-20230108/LSP10857@20230108_193626_783590/
CHUV_test1-20230108/LSP10857@20230108_193626_783590/LSP10857@20230108_193626_783590.rcjob
CHUV_test1-20230108/LSP10857@20230108_193626_783590/LSP10857@20230108_193626_783590.rcpnl
CHUV_test1-20230109/
CHUV_test1-20230109/LSP10830@20230109_151458_093375/
CHUV_test1-20230109/LSP10830@20230109_151458_093375/LSP10830@20230109_151458_093375.rcjob
CHUV_test1-20230109/LSP10830@20230109_151458_093375/LSP10830@20230109_151458_093375.rcpnl
CHUV_test1-20230109/LSP10845@20230109_151458_061874/
CHUV_test1-20230109/LSP10845@20230109_151458_061874/LSP10845@20230109_151458_061874.rcjob
CHUV_test1-20230109/LSP10845@20230109_151458_061874/LSP10845@20230109_151458_061874.rcpnl
CHUV_test1-20230109/LSP10854@20230109_151458_077376/
CHUV_test1-20230109/LSP10854@20230109_151458_077376/LSP10854@20230109_151458_077376.rcjob
CHUV_test1-20230109/LSP10854@20230109_151458_077376/LSP10854@20230109_151458_077376.rcpnl
CHUV_test1-20230109/LSP10857@20230109_151458_115874/
CHUV_test1-20230109/LSP10857@20230109_151458_115874/LSP10857@20230109_151458_115874.rcjob
CHUV_test1-20230109/LSP10857@20230109_151458_115874/LSP10857@20230109_151458_115874.rcpnl
CHUV_test1-20230110/
CHUV_test1-20230110/LSP10830@20230110_141705_463563/
CHUV_test1-20230110/LSP10830@20230110_141705_463563/LSP10830@20230110_141705_463563.rcjob
CHUV_test1-20230110/LSP10830@20230110_141705_463563/LSP10830@20230110_141705_463563.rcpnl
CHUV_test1-20230110/LSP10845@20230110_141705_485563/
CHUV_test1-20230110/LSP10845@20230110_141705_485563/LSP10845@20230110_141705_485563.rcjob
CHUV_test1-20230110/LSP10845@20230110_141705_485563/LSP10845@20230110_141705_485563.rcpnl
CHUV_test1-20230110/LSP10854@20230110_141705_431063/
CHUV_test1-20230110/LSP10854@20230110_141705_431063/LSP10854@20230110_141705_431063.rcjob
CHUV_test1-20230110/LSP10854@20230110_141705_431063/LSP10854@20230110_141705_431063.rcpnl
CHUV_test1-20230110/LSP10857@20230110_141705_447563/
CHUV_test1-20230110/LSP10857@20230110_141705_447563/LSP10857@20230110_141705_447563.rcjob
CHUV_test1-20230110/LSP10857@20230110_141705_447563/LSP10857@20230110_141705_447563.rcpnl
CHUV_test1-20230111/
CHUV_test1-20230111/LSP10830@20230111_150950_915154/
CHUV_test1-20230111/LSP10830@20230111_150950_915154/LSP10830@20230111_150950_915154.rcjob
CHUV_test1-20230111/LSP10830@20230111_150950_915154/LSP10830@20230111_150950_915154.rcpnl
CHUV_test1-20230111/LSP10845@20230111_150950_934154/
CHUV_test1-20230111/LSP10845@20230111_150950_934154/LSP10845@20230111_150950_934154.rcjob
CHUV_test1-20230111/LSP10845@20230111_150950_934154/LSP10845@20230111_150950_934154.rcpnl
CHUV_test1-20230111/LSP10854@20230111_150950_898654/
CHUV_test1-20230111/LSP10854@20230111_150950_898654/LSP10854@20230111_150950_898654.rcjob
CHUV_test1-20230111/LSP10854@20230111_150950_898654/LSP10854@20230111_150950_898654.rcpnl
CHUV_test1-20230111/LSP10857@20230111_150950_953654/
CHUV_test1-20230111/LSP10857@20230111_150950_953654/LSP10857@20230111_150950_953654.rcjob
CHUV_test1-20230111/LSP10857@20230111_150950_953654/LSP10857@20230111_150950_953654.rcpnl
CHUV_test1-20230113/
CHUV_test1-20230113/LSP10830@20230112_141036_953789/
CHUV_test1-20230113/LSP10830@20230112_141036_953789/LSP10830@20230112_141036_953789.rcjob
CHUV_test1-20230113/LSP10830@20230112_141036_953789/LSP10830@20230112_141036_953789.rcpnl
CHUV_test1-20230113/LSP10830@20230113_141759_536523/
CHUV_test1-20230113/LSP10830@20230113_141759_536523/LSP10830@20230113_141759_536523.rcjob
CHUV_test1-20230113/LSP10830@20230113_141759_536523/LSP10830@20230113_141759_536523.rcpnl
CHUV_test1-20230113/LSP10845@20230112_141036_930790/
CHUV_test1-20230113/LSP10845@20230112_141036_930790/LSP10845@20230112_141036_930790.rcjob
CHUV_test1-20230113/LSP10845@20230112_141036_930790/LSP10845@20230112_141036_930790.rcpnl
CHUV_test1-20230113/LSP10845@20230113_141759_589024/
CHUV_test1-20230113/LSP10845@20230113_141759_589024/LSP10845@20230113_141759_589024.rcjob
CHUV_test1-20230113/LSP10845@20230113_141759_589024/LSP10845@20230113_141759_589024.rcpnl
CHUV_test1-20230113/LSP10854@20230112_141036_979790/
CHUV_test1-20230113/LSP10854@20230112_141036_979790/LSP10854@20230112_141036_979790.rcjob
CHUV_test1-20230113/LSP10854@20230112_141036_979790/LSP10854@20230112_141036_979790.rcpnl
CHUV_test1-20230113/LSP10854@20230113_141759_569022/
CHUV_test1-20230113/LSP10854@20230113_141759_569022/LSP10854@20230113_141759_569022.rcjob
CHUV_test1-20230113/LSP10854@20230113_141759_569022/LSP10854@20230113_141759_569022.rcpnl
CHUV_test1-20230113/LSP10857@20230112_141037_003789/
CHUV_test1-20230113/LSP10857@20230112_141037_003789/LSP10857@20230112_141037_003789.rcjob
CHUV_test1-20230113/LSP10857@20230112_141037_003789/LSP10857@20230112_141037_003789.rcpnl
CHUV_test1-20230113/LSP10857@20230113_141759_553022/
CHUV_test1-20230113/LSP10857@20230113_141759_553022/LSP10857@20230113_141759_553022.rcjob
CHUV_test1-20230113/LSP10857@20230113_141759_553022/LSP10857@20230113_141759_553022.rcpnl
CHUV_test2-20221219/
CHUV_test2-20221219/LSP10830@20221219_141245_213218/
CHUV_test2-20221219/LSP10830@20221219_141245_213218/LSP10830@20221219_141245_213218.rcjob
CHUV_test2-20221219/LSP10830@20221219_141245_213218/LSP10830@20221219_141245_213218.rcpnl
CHUV_test2-20221219/LSP10845@20221219_141245_266717/
CHUV_test2-20221219/LSP10845@20221219_141245_266717/LSP10845@20221219_141245_266717.rcjob
CHUV_test2-20221219/LSP10845@20221219_141245_266717/LSP10845@20221219_141245_266717.rcpnl
CHUV_test2-20221219/LSP10854@20221219_141245_230717/
CHUV_test2-20221219/LSP10854@20221219_141245_230717/LSP10854@20221219_141245_230717.rcjob
CHUV_test2-20221219/LSP10854@20221219_141245_230717/LSP10854@20221219_141245_230717.rcpnl
CHUV_test2-20221219/LSP10857@20221219_141245_247217/
CHUV_test2-20221219/LSP10857@20221219_141245_247217/LSP10857@20221219_141245_247217.rcjob
CHUV_test2-20221219/LSP10857@20221219_141245_247217/LSP10857@20221219_141245_247217.rcpnl

sent 3.07K bytes  received 289.62G bytes  83.36M bytes/sec
total size is 289.55G  speedup is 1.00
