Problems logging in?
Use your lower case HMS ID, like abc123, not ABC123.
If locked out, see:
https://it.hms.harvard.edu/i-want/reset-password-or-unlock-your-hms-account
sending incremental file list
created directory /n/files/ImStor/sorger/data/RareCyte/JL503_JERRY/236-CHUV_test1-2022DEC/mcmicro/LSP10845
./
markers.csv
illumination/
illumination/LSP10845@20221215_142258_245849-dfp.tif
illumination/LSP10845@20221215_142258_245849-ffp.tif
illumination/LSP10845@20221216_161352_101223-dfp.tif
illumination/LSP10845@20221216_161352_101223-ffp.tif
illumination/LSP10845@20221219_141245_266717-dfp.tif
illumination/LSP10845@20221219_141245_266717-ffp.tif
illumination/LSP10845@20221220_142120_215231-dfp.tif
illumination/LSP10845@20221220_142120_215231-ffp.tif
illumination/LSP10845@20221221_142729_268695-dfp.tif
illumination/LSP10845@20221221_142729_268695-ffp.tif
illumination/LSP10845@20221222_141536_606237-dfp.tif
illumination/LSP10845@20221222_141536_606237-ffp.tif
illumination/LSP10845@20221223_143711_593594-dfp.tif
illumination/LSP10845@20221223_143711_593594-ffp.tif
illumination/LSP10845@20230104_141334_405148-dfp.tif
illumination/LSP10845@20230104_141334_405148-ffp.tif
illumination/LSP10845@20230105_141430_155589-dfp.tif
illumination/LSP10845@20230105_141430_155589-ffp.tif
illumination/LSP10845@20230106_140914_862343-dfp.tif
illumination/LSP10845@20230106_140914_862343-ffp.tif
illumination/LSP10845@20230108_193626_764588-dfp.tif
illumination/LSP10845@20230108_193626_764588-ffp.tif
illumination/LSP10845@20230109_151458_061874-dfp.tif
illumination/LSP10845@20230109_151458_061874-ffp.tif
illumination/LSP10845@20230110_141705_485563-dfp.tif
illumination/LSP10845@20230110_141705_485563-ffp.tif
illumination/LSP10845@20230111_150950_934154-dfp.tif
illumination/LSP10845@20230111_150950_934154-ffp.tif
illumination/LSP10845@20230112_141036_930790-dfp.tif
illumination/LSP10845@20230112_141036_930790-ffp.tif
illumination/LSP10845@20230113_141759_589024-dfp.tif
illumination/LSP10845@20230113_141759_589024-ffp.tif
job-log/
job-log/.nextflow.log
job-log/.nextflow.log.1
job-log/LSP10845.html
job-log/LSP10845.html.1
job-log/LSP10845_timeline.html
job-log/LSP10845_timeline.html.1
job-log/slurm-1733351.out
job-log/slurm-2235319.out
probability-maps/
probability-maps/unmicst/
probability-maps/unmicst/LSP10845-pmap.tif
qc/
qc/metadata.yml
qc/params.yml
qc/provenance/
qc/provenance/ashlar.log
qc/provenance/ashlar.sh
qc/provenance/basic-1.log
qc/provenance/basic-1.sh
qc/provenance/basic-10.log
qc/provenance/basic-10.sh
qc/provenance/basic-11.log
qc/provenance/basic-11.sh
qc/provenance/basic-12.log
qc/provenance/basic-12.sh
qc/provenance/basic-13.log
qc/provenance/basic-13.sh
qc/provenance/basic-14.log
qc/provenance/basic-14.sh
qc/provenance/basic-15.log
qc/provenance/basic-15.sh
qc/provenance/basic-16.log
qc/provenance/basic-16.sh
qc/provenance/basic-2.log
qc/provenance/basic-2.sh
qc/provenance/basic-3.log
qc/provenance/basic-3.sh
qc/provenance/basic-4.log
qc/provenance/basic-4.sh
qc/provenance/basic-5.log
qc/provenance/basic-5.sh
qc/provenance/basic-6.log
qc/provenance/basic-6.sh
qc/provenance/basic-7.log
qc/provenance/basic-7.sh
qc/provenance/basic-8.log
qc/provenance/basic-8.sh
qc/provenance/basic-9.log
qc/provenance/basic-9.sh
qc/provenance/mcquant-1.log
qc/provenance/mcquant-1.sh
qc/provenance/s3seg-1.log
qc/provenance/s3seg-1.sh
qc/provenance/unmicst-1.log
qc/provenance/unmicst-1.sh
qc/s3seg/
qc/s3seg/unmicst-LSP10845/
qc/s3seg/unmicst-LSP10845/nucleiRingOutlines.ome.tif
qc/unmicst/
qc/unmicst/LSP10845_Preview_11.tif
quantification/
quantification/unmicst-LSP10845_cellRing.csv
quantification/unmicst-LSP10845_cytoRing.csv
quantification/unmicst-LSP10845_nucleiRing.csv
registration/
registration/LSP10845.ome.tif
registration/qc/
registration/qc/LSP10845.gif
registration/qc/flow-field-LSP10845.ome-channel-0-0.png
registration/qc/flow-field-LSP10845.ome-channel-0-10.png
registration/qc/flow-field-LSP10845.ome-channel-0-15.png
registration/qc/flow-field-LSP10845.ome-channel-0-19.png
registration/qc/flow-field-LSP10845.ome-channel-0-23.png
registration/qc/flow-field-LSP10845.ome-channel-0-27.png
registration/qc/flow-field-LSP10845.ome-channel-0-31.png
registration/qc/flow-field-LSP10845.ome-channel-0-35.png
registration/qc/flow-field-LSP10845.ome-channel-0-39.png
registration/qc/flow-field-LSP10845.ome-channel-0-43.png
registration/qc/flow-field-LSP10845.ome-channel-0-47.png
registration/qc/flow-field-LSP10845.ome-channel-0-5.png
registration/qc/flow-field-LSP10845.ome-channel-0-51.png
registration/qc/flow-field-LSP10845.ome-channel-0-55.png
registration/qc/flow-field-LSP10845.ome-channel-0-59.png
registration/qc/flow-field-LSP10845.ome-channel-0-63.png
segmentation/
segmentation/unmicst-LSP10845/
segmentation/unmicst-LSP10845/cellRing.ome.tif
segmentation/unmicst-LSP10845/cytoRing.ome.tif
segmentation/unmicst-LSP10845/nucleiRing.ome.tif

sent 131.81G bytes  received 2.32K bytes  85.51M bytes/sec
total size is 131.78G  speedup is 1.00
