Problems logging in?
Use your lower case HMS ID, like abc123, not ABC123.
If locked out, see:
https://it.hms.harvard.edu/i-want/reset-password-or-unlock-your-hms-account
sending incremental file list
created directory /n/files/ImStor/sorger/data/RareCyte/JL503_JERRY/236-CHUV_test1-2022DEC/mcmicro/LSP10857
./
markers.csv
illumination/
illumination/LSP10857@20221215_162533_660559-dfp.tif
illumination/LSP10857@20221215_162533_660559-ffp.tif
illumination/LSP10857@20221216_161352_044224-dfp.tif
illumination/LSP10857@20221216_161352_044224-ffp.tif
illumination/LSP10857@20221219_141245_247217-dfp.tif
illumination/LSP10857@20221219_141245_247217-ffp.tif
illumination/LSP10857@20221220_142120_247232-dfp.tif
illumination/LSP10857@20221220_142120_247232-ffp.tif
illumination/LSP10857@20221221_142729_349195-dfp.tif
illumination/LSP10857@20221221_142729_349195-ffp.tif
illumination/LSP10857@20221222_141536_588737-dfp.tif
illumination/LSP10857@20221222_141536_588737-ffp.tif
illumination/LSP10857@20221223_143711_626593-dfp.tif
illumination/LSP10857@20221223_143711_626593-ffp.tif
illumination/LSP10857@20230104_141334_369149-dfp.tif
illumination/LSP10857@20230104_141334_369149-ffp.tif
illumination/LSP10857@20230105_141430_172590-dfp.tif
illumination/LSP10857@20230105_141430_172590-ffp.tif
illumination/LSP10857@20230106_140914_882342-dfp.tif
illumination/LSP10857@20230106_140914_882342-ffp.tif
illumination/LSP10857@20230108_193626_783590-dfp.tif
illumination/LSP10857@20230108_193626_783590-ffp.tif
illumination/LSP10857@20230109_151458_115874-dfp.tif
illumination/LSP10857@20230109_151458_115874-ffp.tif
illumination/LSP10857@20230110_141705_447563-dfp.tif
illumination/LSP10857@20230110_141705_447563-ffp.tif
illumination/LSP10857@20230111_150950_953654-dfp.tif
illumination/LSP10857@20230111_150950_953654-ffp.tif
illumination/LSP10857@20230112_141037_003789-dfp.tif
illumination/LSP10857@20230112_141037_003789-ffp.tif
illumination/LSP10857@20230113_141759_553022-dfp.tif
illumination/LSP10857@20230113_141759_553022-ffp.tif
job-log/
job-log/.nextflow.log
job-log/.nextflow.log.1
job-log/LSP10857.html
job-log/LSP10857.html.1
job-log/LSP10857_timeline.html
job-log/LSP10857_timeline.html.1
job-log/slurm-1733353.out
job-log/slurm-2235321.out
probability-maps/
probability-maps/unmicst/
probability-maps/unmicst/LSP10857-pmap.tif
qc/
qc/metadata.yml
qc/params.yml
qc/provenance/
qc/provenance/ashlar.log
qc/provenance/ashlar.sh
qc/provenance/basic-1.log
qc/provenance/basic-1.sh
qc/provenance/basic-10.log
qc/provenance/basic-10.sh
qc/provenance/basic-11.log
qc/provenance/basic-11.sh
qc/provenance/basic-12.log
qc/provenance/basic-12.sh
qc/provenance/basic-13.log
qc/provenance/basic-13.sh
qc/provenance/basic-14.log
qc/provenance/basic-14.sh
qc/provenance/basic-15.log
qc/provenance/basic-15.sh
qc/provenance/basic-16.log
qc/provenance/basic-16.sh
qc/provenance/basic-2.log
qc/provenance/basic-2.sh
qc/provenance/basic-3.log
qc/provenance/basic-3.sh
qc/provenance/basic-4.log
qc/provenance/basic-4.sh
qc/provenance/basic-5.log
qc/provenance/basic-5.sh
qc/provenance/basic-6.log
qc/provenance/basic-6.sh
qc/provenance/basic-7.log
qc/provenance/basic-7.sh
qc/provenance/basic-8.log
qc/provenance/basic-8.sh
qc/provenance/basic-9.log
qc/provenance/basic-9.sh
qc/provenance/mcquant-1.log
qc/provenance/mcquant-1.sh
qc/provenance/s3seg-1.log
qc/provenance/s3seg-1.sh
qc/provenance/unmicst-1.log
qc/provenance/unmicst-1.sh
qc/s3seg/
qc/s3seg/unmicst-LSP10857/
qc/s3seg/unmicst-LSP10857/nucleiRingOutlines.ome.tif
qc/unmicst/
qc/unmicst/LSP10857_Preview_11.tif
quantification/
quantification/unmicst-LSP10857_cellRing.csv
quantification/unmicst-LSP10857_cytoRing.csv
quantification/unmicst-LSP10857_nucleiRing.csv
registration/
registration/LSP10857.ome.tif
registration/qc/
registration/qc/LSP10857.gif
registration/qc/flow-field-LSP10857.ome-channel-0-0.png
registration/qc/flow-field-LSP10857.ome-channel-0-10.png
registration/qc/flow-field-LSP10857.ome-channel-0-15.png
registration/qc/flow-field-LSP10857.ome-channel-0-19.png
registration/qc/flow-field-LSP10857.ome-channel-0-23.png
registration/qc/flow-field-LSP10857.ome-channel-0-27.png
registration/qc/flow-field-LSP10857.ome-channel-0-31.png
registration/qc/flow-field-LSP10857.ome-channel-0-35.png
registration/qc/flow-field-LSP10857.ome-channel-0-39.png
registration/qc/flow-field-LSP10857.ome-channel-0-43.png
registration/qc/flow-field-LSP10857.ome-channel-0-47.png
registration/qc/flow-field-LSP10857.ome-channel-0-5.png
registration/qc/flow-field-LSP10857.ome-channel-0-51.png
registration/qc/flow-field-LSP10857.ome-channel-0-55.png
registration/qc/flow-field-LSP10857.ome-channel-0-59.png
registration/qc/flow-field-LSP10857.ome-channel-0-63.png
segmentation/
segmentation/unmicst-LSP10857/
segmentation/unmicst-LSP10857/cellRing.ome.tif
segmentation/unmicst-LSP10857/cytoRing.ome.tif
segmentation/unmicst-LSP10857/nucleiRing.ome.tif

sent 62.01G bytes  received 2.32K bytes  99.78M bytes/sec
total size is 62.00G  speedup is 1.00
