Problems logging in?
Use your lower case HMS ID, like abc123, not ABC123.
If locked out, see:
https://it.hms.harvard.edu/i-want/reset-password-or-unlock-your-hms-account
sending incremental file list
created directory /n/files/ImStor/sorger/data/RareCyte/JL503_JERRY/236-CHUV_test1-2022DEC/mcmicro/LSP10830
./
markers.csv
illumination/
illumination/LSP10830@20221215_162456_919264-dfp.tif
illumination/LSP10830@20221215_162456_919264-ffp.tif
illumination/LSP10830@20221216_161352_078722-dfp.tif
illumination/LSP10830@20221216_161352_078722-ffp.tif
illumination/LSP10830@20221219_141245_213218-dfp.tif
illumination/LSP10830@20221219_141245_213218-ffp.tif
illumination/LSP10830@20221220_142120_266232-dfp.tif
illumination/LSP10830@20221220_142120_266232-ffp.tif
illumination/LSP10830@20221221_142729_369196-dfp.tif
illumination/LSP10830@20221221_142729_369196-ffp.tif
illumination/LSP10830@20221222_141536_569738-dfp.tif
illumination/LSP10830@20221222_141536_569738-ffp.tif
illumination/LSP10830@20221223_143711_644594-dfp.tif
illumination/LSP10830@20221223_143711_644594-ffp.tif
illumination/LSP10830@20230104_141334_352148-dfp.tif
illumination/LSP10830@20230104_141334_352148-ffp.tif
illumination/LSP10830@20230105_141430_208090-dfp.tif
illumination/LSP10830@20230105_141430_208090-ffp.tif
illumination/LSP10830@20230106_140914_781342-dfp.tif
illumination/LSP10830@20230106_140914_781342-ffp.tif
illumination/LSP10830@20230108_193626_801091-dfp.tif
illumination/LSP10830@20230108_193626_801091-ffp.tif
illumination/LSP10830@20230109_151458_093375-dfp.tif
illumination/LSP10830@20230109_151458_093375-ffp.tif
illumination/LSP10830@20230110_141705_463563-dfp.tif
illumination/LSP10830@20230110_141705_463563-ffp.tif
illumination/LSP10830@20230111_150950_915154-dfp.tif
illumination/LSP10830@20230111_150950_915154-ffp.tif
illumination/LSP10830@20230112_141036_953789-dfp.tif
illumination/LSP10830@20230112_141036_953789-ffp.tif
illumination/LSP10830@20230113_141759_536523-dfp.tif
illumination/LSP10830@20230113_141759_536523-ffp.tif
job-log/
job-log/.nextflow.log
job-log/.nextflow.log.1
job-log/LSP10830.html
job-log/LSP10830.html.1
job-log/LSP10830_timeline.html
job-log/LSP10830_timeline.html.1
job-log/slurm-1733350.out
job-log/slurm-2235318.out
probability-maps/
probability-maps/unmicst/
probability-maps/unmicst/LSP10830-pmap.tif
qc/
qc/metadata.yml
qc/params.yml
qc/provenance/
qc/provenance/ashlar.log
qc/provenance/ashlar.sh
qc/provenance/basic-1.log
qc/provenance/basic-1.sh
qc/provenance/basic-10.log
qc/provenance/basic-10.sh
qc/provenance/basic-11.log
qc/provenance/basic-11.sh
qc/provenance/basic-12.log
qc/provenance/basic-12.sh
qc/provenance/basic-13.log
qc/provenance/basic-13.sh
qc/provenance/basic-14.log
qc/provenance/basic-14.sh
qc/provenance/basic-15.log
qc/provenance/basic-15.sh
qc/provenance/basic-16.log
qc/provenance/basic-16.sh
qc/provenance/basic-2.log
qc/provenance/basic-2.sh
qc/provenance/basic-3.log
qc/provenance/basic-3.sh
qc/provenance/basic-4.log
qc/provenance/basic-4.sh
qc/provenance/basic-5.log
qc/provenance/basic-5.sh
qc/provenance/basic-6.log
qc/provenance/basic-6.sh
qc/provenance/basic-7.log
qc/provenance/basic-7.sh
qc/provenance/basic-8.log
qc/provenance/basic-8.sh
qc/provenance/basic-9.log
qc/provenance/basic-9.sh
qc/provenance/mcquant-1.log
qc/provenance/mcquant-1.sh
qc/provenance/s3seg-1.log
qc/provenance/s3seg-1.sh
qc/provenance/unmicst-1.log
qc/provenance/unmicst-1.sh
qc/s3seg/
qc/s3seg/unmicst-LSP10830/
qc/s3seg/unmicst-LSP10830/nucleiRingOutlines.ome.tif
qc/unmicst/
qc/unmicst/LSP10830_Preview_11.tif
quantification/
quantification/unmicst-LSP10830_cellRing.csv
quantification/unmicst-LSP10830_cytoRing.csv
quantification/unmicst-LSP10830_nucleiRing.csv
registration/
registration/LSP10830.ome.tif
registration/qc/
registration/qc/LSP10830.gif
registration/qc/flow-field-LSP10830.ome-channel-0-0.png
registration/qc/flow-field-LSP10830.ome-channel-0-10.png
registration/qc/flow-field-LSP10830.ome-channel-0-15.png
registration/qc/flow-field-LSP10830.ome-channel-0-19.png
registration/qc/flow-field-LSP10830.ome-channel-0-23.png
registration/qc/flow-field-LSP10830.ome-channel-0-27.png
registration/qc/flow-field-LSP10830.ome-channel-0-31.png
registration/qc/flow-field-LSP10830.ome-channel-0-35.png
registration/qc/flow-field-LSP10830.ome-channel-0-39.png
registration/qc/flow-field-LSP10830.ome-channel-0-43.png
registration/qc/flow-field-LSP10830.ome-channel-0-47.png
registration/qc/flow-field-LSP10830.ome-channel-0-5.png
registration/qc/flow-field-LSP10830.ome-channel-0-51.png
registration/qc/flow-field-LSP10830.ome-channel-0-55.png
registration/qc/flow-field-LSP10830.ome-channel-0-59.png
registration/qc/flow-field-LSP10830.ome-channel-0-63.png
segmentation/
segmentation/unmicst-LSP10830/
segmentation/unmicst-LSP10830/cellRing.ome.tif
segmentation/unmicst-LSP10830/cytoRing.ome.tif
segmentation/unmicst-LSP10830/nucleiRing.ome.tif

sent 120.02G bytes  received 2.32K bytes  94.24M bytes/sec
total size is 119.99G  speedup is 1.00
