Problems logging in?
Use your lower case HMS ID, like abc123, not ABC123.
If locked out, see:
https://it.hms.harvard.edu/i-want/reset-password-or-unlock-your-hms-account
sending incremental file list
created directory /n/files/ImStor/sorger/data/RareCyte/JL503_JERRY/236-CHUV_test1-2022DEC/mcmicro/LSP10854
./
markers.csv
illumination/
illumination/LSP10854@20221215_142525_521936-dfp.tif
illumination/LSP10854@20221215_142525_521936-ffp.tif
illumination/LSP10854@20221216_161352_060222-dfp.tif
illumination/LSP10854@20221216_161352_060222-ffp.tif
illumination/LSP10854@20221219_141245_230717-dfp.tif
illumination/LSP10854@20221219_141245_230717-ffp.tif
illumination/LSP10854@20221220_142120_231231-dfp.tif
illumination/LSP10854@20221220_142120_231231-ffp.tif
illumination/LSP10854@20221221_142729_333195-dfp.tif
illumination/LSP10854@20221221_142729_333195-ffp.tif
illumination/LSP10854@20221222_141536_552737-dfp.tif
illumination/LSP10854@20221222_141536_552737-ffp.tif
illumination/LSP10854@20221223_143711_610594-dfp.tif
illumination/LSP10854@20221223_143711_610594-ffp.tif
illumination/LSP10854@20230104_141334_385149-dfp.tif
illumination/LSP10854@20230104_141334_385149-ffp.tif
illumination/LSP10854@20230105_141430_188591-dfp.tif
illumination/LSP10854@20230105_141430_188591-ffp.tif
illumination/LSP10854@20230106_140914_798842-dfp.tif
illumination/LSP10854@20230106_140914_798842-ffp.tif
illumination/LSP10854@20230108_193626_748590-dfp.tif
illumination/LSP10854@20230108_193626_748590-ffp.tif
illumination/LSP10854@20230109_151458_077376-dfp.tif
illumination/LSP10854@20230109_151458_077376-ffp.tif
illumination/LSP10854@20230110_141705_431063-dfp.tif
illumination/LSP10854@20230110_141705_431063-ffp.tif
illumination/LSP10854@20230111_150950_898654-dfp.tif
illumination/LSP10854@20230111_150950_898654-ffp.tif
illumination/LSP10854@20230112_141036_979790-dfp.tif
illumination/LSP10854@20230112_141036_979790-ffp.tif
illumination/LSP10854@20230113_141759_569022-dfp.tif
illumination/LSP10854@20230113_141759_569022-ffp.tif
job-log/
job-log/.nextflow.log
job-log/.nextflow.log.1
job-log/LSP10854.html
job-log/LSP10854.html.1
job-log/LSP10854_timeline.html
job-log/LSP10854_timeline.html.1
job-log/slurm-1733352.out
job-log/slurm-2235320.out
probability-maps/
probability-maps/unmicst/
probability-maps/unmicst/LSP10854-pmap.tif
qc/
qc/metadata.yml
qc/params.yml
qc/provenance/
qc/provenance/ashlar.log
qc/provenance/ashlar.sh
qc/provenance/basic-1.log
qc/provenance/basic-1.sh
qc/provenance/basic-10.log
qc/provenance/basic-10.sh
qc/provenance/basic-11.log
qc/provenance/basic-11.sh
qc/provenance/basic-12.log
qc/provenance/basic-12.sh
qc/provenance/basic-13.log
qc/provenance/basic-13.sh
qc/provenance/basic-14.log
qc/provenance/basic-14.sh
qc/provenance/basic-15.log
qc/provenance/basic-15.sh
qc/provenance/basic-16.log
qc/provenance/basic-16.sh
qc/provenance/basic-2.log
qc/provenance/basic-2.sh
qc/provenance/basic-3.log
qc/provenance/basic-3.sh
qc/provenance/basic-4.log
qc/provenance/basic-4.sh
qc/provenance/basic-5.log
qc/provenance/basic-5.sh
qc/provenance/basic-6.log
qc/provenance/basic-6.sh
qc/provenance/basic-7.log
qc/provenance/basic-7.sh
qc/provenance/basic-8.log
qc/provenance/basic-8.sh
qc/provenance/basic-9.log
qc/provenance/basic-9.sh
qc/provenance/mcquant-1.log
qc/provenance/mcquant-1.sh
qc/provenance/s3seg-1.log
qc/provenance/s3seg-1.sh
qc/provenance/unmicst-1.log
qc/provenance/unmicst-1.sh
qc/s3seg/
qc/s3seg/unmicst-LSP10854/
qc/s3seg/unmicst-LSP10854/nucleiRingOutlines.ome.tif
qc/unmicst/
qc/unmicst/LSP10854_Preview_11.tif
quantification/
quantification/unmicst-LSP10854_cellRing.csv
quantification/unmicst-LSP10854_cytoRing.csv
quantification/unmicst-LSP10854_nucleiRing.csv
registration/
registration/LSP10854.ome.tif
registration/qc/
registration/qc/LSP10854.gif
registration/qc/flow-field-LSP10854.ome-channel-0-0.png
registration/qc/flow-field-LSP10854.ome-channel-0-10.png
registration/qc/flow-field-LSP10854.ome-channel-0-15.png
registration/qc/flow-field-LSP10854.ome-channel-0-19.png
registration/qc/flow-field-LSP10854.ome-channel-0-23.png
registration/qc/flow-field-LSP10854.ome-channel-0-27.png
registration/qc/flow-field-LSP10854.ome-channel-0-31.png
registration/qc/flow-field-LSP10854.ome-channel-0-35.png
registration/qc/flow-field-LSP10854.ome-channel-0-39.png
registration/qc/flow-field-LSP10854.ome-channel-0-43.png
registration/qc/flow-field-LSP10854.ome-channel-0-47.png
registration/qc/flow-field-LSP10854.ome-channel-0-5.png
registration/qc/flow-field-LSP10854.ome-channel-0-51.png
registration/qc/flow-field-LSP10854.ome-channel-0-55.png
registration/qc/flow-field-LSP10854.ome-channel-0-59.png
registration/qc/flow-field-LSP10854.ome-channel-0-63.png
segmentation/
segmentation/unmicst-LSP10854/
segmentation/unmicst-LSP10854/cellRing.ome.tif
segmentation/unmicst-LSP10854/cytoRing.ome.tif
segmentation/unmicst-LSP10854/nucleiRing.ome.tif

sent 142.31G bytes  received 2.32K bytes  66.70M bytes/sec
total size is 142.27G  speedup is 1.00
