2023-01-21 00:15:37,207 642        [      main] INFO          ome.formats.importer.ImportConfig - OMERO.blitz Version: 5.5.6
2023-01-21 00:15:37,230 665        [      main] INFO          ome.formats.importer.ImportConfig - Bioformats version: 6.4.0-235 revision: 8aa54d9f7944be34ac437641bcc00be7fa044589 date: 8 April 2020
2023-01-21 00:15:37,348 783        [      main] INFO   formats.importer.cli.CommandLineImporter - Setting checksum algorithm to File-Size-64
2023-01-21 00:15:37,350 785        [      main] INFO   formats.importer.cli.CommandLineImporter - Skipping minimum/maximum computation
2023-01-21 00:15:37,350 785        [      main] INFO   formats.importer.cli.CommandLineImporter - Disabling upgrade check
2023-01-21 00:15:37,350 785        [      main] INFO   formats.importer.cli.CommandLineImporter - Adding exclusion: clientpath
2023-01-21 00:15:37,406 841        [      main] INFO   formats.importer.cli.CommandLineImporter - Log levels -- Bio-Formats: ERROR OMERO.importer: INFO
2023-01-21 00:15:38,016 1451       [      main] INFO      ome.formats.importer.ImportCandidates - Depth: 4 Metadata Level: MINIMUM
2023-01-21 00:15:39,146 2581       [      main] INFO      ome.formats.importer.ImportCandidates - 1 file(s) parsed into 1 group(s) with 1 call(s) to setId in 1120ms. (1130ms total) [0 unknowns]
2023-01-21 00:15:39,294 2729       [      main] INFO       ome.formats.OMEROMetadataStoreClient - Attempting initial SSL connection to idp.tissue-atlas.org:4064
2023-01-21 00:15:41,081 4516       [      main] INFO       ome.formats.OMEROMetadataStoreClient - Insecure connection requested, falling back
2023-01-21 00:15:41,970 5405       [      main] INFO       ome.formats.OMEROMetadataStoreClient - Pinging session every 300s.
2023-01-21 00:15:42,015 5450       [      main] INFO       ome.formats.OMEROMetadataStoreClient - Server: 5.6.3
2023-01-21 00:15:42,015 5450       [      main] INFO       ome.formats.OMEROMetadataStoreClient - Client: 5.5.6
2023-01-21 00:15:42,015 5450       [      main] INFO       ome.formats.OMEROMetadataStoreClient - Java Version: 1.8.0_112
2023-01-21 00:15:42,015 5450       [      main] INFO       ome.formats.OMEROMetadataStoreClient - OS Name: Linux
2023-01-21 00:15:42,015 5450       [      main] INFO       ome.formats.OMEROMetadataStoreClient - OS Arch: amd64
2023-01-21 00:15:42,015 5450       [      main] INFO       ome.formats.OMEROMetadataStoreClient - OS Version: 3.10.0-1160.80.1.el7.x86_64
2023-01-21 00:15:43,257 6692       [      main] INFO          ome.formats.importer.ImportConfig - Using import target: Dataset:1484
2023-01-21 00:15:43,359 6794       [2-thread-1] INFO         ome.formats.importer.ImportLibrary - Import target specifies container: Dataset:1484
2023-01-21 00:15:43,601 7036       [2-thread-1] INFO   ormats.importer.cli.LoggingImportMonitor - FILESET_UPLOAD_PREPARATION
2023-01-21 00:15:44,007 7442       [2-thread-1] INFO   ormats.importer.cli.LoggingImportMonitor - FILESET_UPLOAD_START
2023-01-21 00:15:44,053 7488       [3-thread-1] INFO   ts.importer.transfers.UploadFileTransfer - Transferring /n/scratch3/users/y/yc00/236-CHUV_test1-2022DEC/mcmicro/LSP10857/registration/LSP10857.ome.tif...
2023-01-21 00:15:44,126 7561       [3-thread-1] INFO   ormats.importer.cli.LoggingImportMonitor - FILE_UPLOAD_STARTED: /n/scratch3/users/y/yc00/236-CHUV_test1-2022DEC/mcmicro/LSP10857/registration/LSP10857.ome.tif
2023-01-21 00:35:01,608 1165043    [3-thread-1] INFO   ormats.importer.cli.LoggingImportMonitor - FILE_UPLOAD_COMPLETE: /n/scratch3/users/y/yc00/236-CHUV_test1-2022DEC/mcmicro/LSP10857/registration/LSP10857.ome.tif
2023-01-21 00:35:01,736 1165171    [2-thread-1] INFO   ormats.importer.cli.LoggingImportMonitor - FILESET_UPLOAD_END
2023-01-21 00:35:01,976 1165411    [2-thread-1] INFO   ormats.importer.cli.LoggingImportMonitor - IMPORT_STARTED Logfile: 37906
2023-01-21 00:35:03,173 1166608    [l.Client-2] INFO   ormats.importer.cli.LoggingImportMonitor - METADATA_IMPORTED Step: 1 of 5  Logfile: 37906
2023-01-21 00:35:03,462 1166897    [l.Client-1] INFO   ormats.importer.cli.LoggingImportMonitor - PIXELDATA_PROCESSED Step: 2 of 5  Logfile: 37906
2023-01-21 00:35:03,936 1167371    [l.Client-1] INFO   ormats.importer.cli.LoggingImportMonitor - THUMBNAILS_GENERATED Step: 3 of 5  Logfile: 37906
2023-01-21 00:35:03,962 1167397    [l.Client-1] INFO   ormats.importer.cli.LoggingImportMonitor - METADATA_PROCESSED Step: 4 of 5  Logfile: 37906
2023-01-21 00:35:03,984 1167419    [l.Client-1] INFO   ormats.importer.cli.LoggingImportMonitor - OBJECTS_RETURNED Step: 5 of 5  Logfile: 37906
2023-01-21 00:35:04,217 1167652    [l.Client-1] INFO   ormats.importer.cli.LoggingImportMonitor - IMPORT_DONE Imported file: /n/scratch3/users/y/yc00/236-CHUV_test1-2022DEC/mcmicro/LSP10857/registration/LSP10857.ome.tif
Image:6052
Other imported objects:
Fileset:5498

==> Summary
1 file uploaded, 1 fileset created, 1 image imported, 0 errors in 0:19:21.977
Using session for yu-an.chen@idp.tissue-atlas.org:4064. Idle timeout: 100 min. Expires in : 1440 min. Current group: Gray Data Portal
